[Practical Java] [2m18:00:03.556[0;39m [32m INFO[0;39m [2m---[0;39m [36mc.c.p.PracticaljavaApplication          [0;39m [2m:[0;39m Starting PracticaljavaApplication using Java 17.0.9 with PID 17028 (C:\Users\karth\Downloads\practicaljava\bin\main started by karth in C:\Users\karth\Downloads\practicaljava)
[Practical Java] [2m18:00:03.556[0;39m [32m INFO[0;39m [2m---[0;39m [36mc.c.p.PracticaljavaApplication          [0;39m [2m:[0;39m No active profile set, falling back to 1 default profile: "default"
[Practical Java] [2m18:00:03.639[0;39m [32m INFO[0;39m [2m---[0;39m [36mo.s.b.w.embedded.tomcat.TomcatWebServer [0;39m [2m:[0;39m Tomcat initialized with port 8080 (http)
[Practical Java] [2m18:00:03.651[0;39m [32m INFO[0;39m [2m---[0;39m [36mo.apache.catalina.core.StandardService  [0;39m [2m:[0;39m Starting service [Tomcat]
[Practical Java] [2m18:00:03.652[0;39m [32m INFO[0;39m [2m---[0;39m [36mo.apache.catalina.core.StandardEngine   [0;39m [2m:[0;39m Starting Servlet engine: [Apache Tomcat/10.1.19]
[Practical Java] [2m18:00:03.664[0;39m [32m INFO[0;39m [2m---[0;39m [36mo.a.c.c.C.[Tomcat].[localhost].[/]      [0;39m [2m:[0;39m Initializing Spring embedded WebApplicationContext
[Practical Java] [2m18:00:03.664[0;39m [32m INFO[0;39m [2m---[0;39m [36mw.s.c.ServletWebServerApplicationContext[0;39m [2m:[0;39m Root WebApplicationContext: initialization completed in 106 ms
[Practical Java] [2m18:00:03.717[0;39m [32m INFO[0;39m [2m---[0;39m [36mo.s.b.d.a.OptionalLiveReloadServer      [0;39m [2m:[0;39m LiveReload server is running on port 35729
[Practical Java] [2m18:00:03.726[0;39m [32m INFO[0;39m [2m---[0;39m [36mo.s.b.w.embedded.tomcat.TomcatWebServer [0;39m [2m:[0;39m Tomcat started on port 8080 (http) with context path ''
[Practical Java] [2m18:00:03.730[0;39m [32m INFO[0;39m [2m---[0;39m [36mc.c.p.PracticaljavaApplication          [0;39m [2m:[0;39m Started PracticaljavaApplication in 0.199 seconds (process running for 1668.423)
[Practical Java] [2m18:00:03.732[0;39m [32m INFO[0;39m [2m---[0;39m [36m.ConditionEvaluationDeltaLoggingListener[0;39m [2m:[0;39m Condition evaluation unchanged
[Practical Java] [2m18:08:18.560[0;39m [32m INFO[0;39m [2m---[0;39m [36mrtingClassPathChangeChangedEventListener[0;39m [2m:[0;39m Restarting due to 1 class path change (1 addition, 0 deletions, 0 modifications)
[Practical Java] [2m18:08:18.687[0;39m [32m INFO[0;39m [2m---[0;39m [36mc.c.p.PracticaljavaApplication          [0;39m [2m:[0;39m Starting PracticaljavaApplication using Java 17.0.9 with PID 17028 (C:\Users\karth\Downloads\practicaljava\bin\main started by karth in C:\Users\karth\Downloads\practicaljava)
[Practical Java] [2m18:08:18.688[0;39m [32mDEBUG[0;39m [2m---[0;39m [36mc.c.p.PracticaljavaApplication          [0;39m [2m:[0;39m Running with Spring Boot v3.2.4, Spring v6.1.5
[Practical Java] [2m18:08:18.688[0;39m [32m INFO[0;39m [2m---[0;39m [36mc.c.p.PracticaljavaApplication          [0;39m [2m:[0;39m No active profile set, falling back to 1 default profile: "default"
[Practical Java] [2m18:08:18.814[0;39m [32m INFO[0;39m [2m---[0;39m [36mc.c.p.PracticaljavaApplication          [0;39m [2m:[0;39m Started PracticaljavaApplication in 0.215 seconds (process running for 2163.507)
[Practical Java] [2m18:09:15.757[0;39m [32m INFO[0;39m [2m---[0;39m [36mc.c.p.api.server.DefaultRestApi         [0;39m [2m:[0;39m Hello,this isSpring BootRest API
[Practical Java] [2m18:09:16.522[0;39m [32m INFO[0;39m [2m---[0;39m [36mc.c.p.api.server.DefaultRestApi         [0;39m [2m:[0;39m Hello,this isSpring BootRest API
[Practical Java] [2m18:09:17.161[0;39m [32m INFO[0;39m [2m---[0;39m [36mc.c.p.api.server.DefaultRestApi         [0;39m [2m:[0;39m Hello,this isSpring BootRest API
[Practical Java] [2m18:09:42.666[0;39m [32m INFO[0;39m [2m---[0;39m [36mc.c.p.api.server.DefaultRestApi         [0;39m [2m:[0;39m Hello,this isSpring BootRest API
[Practical Java] [2m18:19:03.124[0;39m [32m INFO[0;39m [2m---[0;39m [36mc.c.p.PracticaljavaApplication          [0;39m [2m:[0;39m Starting PracticaljavaApplication using Java 17.0.9 with PID 17028 (C:\Users\karth\Downloads\practicaljava\bin\main started by karth in C:\Users\karth\Downloads\practicaljava)
[Practical Java] [2m18:19:03.124[0;39m [32mDEBUG[0;39m [2m---[0;39m [36mc.c.p.PracticaljavaApplication          [0;39m [2m:[0;39m Running with Spring Boot v3.2.4, Spring v6.1.5
[Practical Java] [2m18:19:03.124[0;39m [32m INFO[0;39m [2m---[0;39m [36mc.c.p.PracticaljavaApplication          [0;39m [2m:[0;39m No active profile set, falling back to 1 default profile: "default"
[Practical Java] [2m18:19:03.236[0;39m [32m INFO[0;39m [2m---[0;39m [36mc.c.p.PracticaljavaApplication          [0;39m [2m:[0;39m Started PracticaljavaApplication in 0.132 seconds (process running for 2807.929)
[Practical Java] [2m18:38:43.430[0;39m [32m INFO[0;39m [2m---[0;39m [36mc.c.p.PracticaljavaApplication          [0;39m [2m:[0;39m Starting PracticaljavaApplication using Java 17.0.9 with PID 7868 (C:\Users\karth\Downloads\practicaljava\bin\main started by karth in C:\Users\karth\Downloads\practicaljava)
[Practical Java] [2m18:38:43.433[0;39m [32mDEBUG[0;39m [2m---[0;39m [36mc.c.p.PracticaljavaApplication          [0;39m [2m:[0;39m Running with Spring Boot v3.2.4, Spring v6.1.5
[Practical Java] [2m18:38:43.435[0;39m [32m INFO[0;39m [2m---[0;39m [36mc.c.p.PracticaljavaApplication          [0;39m [2m:[0;39m No active profile set, falling back to 1 default profile: "default"
[Practical Java] [2m18:38:44.501[0;39m [32m INFO[0;39m [2m---[0;39m [36mc.c.p.PracticaljavaApplication          [0;39m [2m:[0;39m Started PracticaljavaApplication in 1.533 seconds (process running for 2.134)
[Practical Java] [2m18:39:13.342[0;39m [32m INFO[0;39m [2m---[0;39m [36mc.c.p.PracticaljavaApplication          [0;39m [2m:[0;39m Starting PracticaljavaApplication using Java 17.0.9 with PID 18068 (C:\Users\karth\Downloads\practicaljava\bin\main started by karth in C:\Users\karth\Downloads\practicaljava)
[Practical Java] [2m18:39:13.344[0;39m [32mDEBUG[0;39m [2m---[0;39m [36mc.c.p.PracticaljavaApplication          [0;39m [2m:[0;39m Running with Spring Boot v3.2.4, Spring v6.1.5
[Practical Java] [2m18:39:13.348[0;39m [32m INFO[0;39m [2m---[0;39m [36mc.c.p.PracticaljavaApplication          [0;39m [2m:[0;39m No active profile set, falling back to 1 default profile: "default"
[Practical Java] [2m18:39:14.330[0;39m [32m INFO[0;39m [2m---[0;39m [36mc.c.p.PracticaljavaApplication          [0;39m [2m:[0;39m Started PracticaljavaApplication in 1.36 seconds (process running for 1.872)
